<?xml version="1.0" encoding="UTF-8"?>
<!DOCTYPE coverage SYSTEM "http://cobertura.sourceforge.net/xml/coverage-04.dtd">
<coverage line-rate="0.78571427" branch-rate="0" version="" timestamp="1565676490701" lines-covered="22" lines-valid="28" branches-covered="0" branches-valid="0" complexity="0">
	<sources>
		<source>/snap/go/4098/src</source>
		<source>/home/Baileyswu/go/src</source>
	</sources>
	<packages>
		<package name="local/Go-exercise/pkg-cc/package1" line-rate="1" branch-rate="0" complexity="0">
			<classes>
				<class name="-" filename="local/Go-exercise/pkg-cc/package1/file1.go" line-rate="1" branch-rate="0" complexity="0">
					<methods>
						<method name="Fizz" signature="" line-rate="1" branch-rate="0" complexity="0">
							<lines>
								<line number="3" hits="33"></line>
								<line number="4" hits="33"></line>
								<line number="5" hits="33"></line>
							</lines>
						</method>
					</methods>
					<lines>
						<line number="3" hits="33"></line>
						<line number="4" hits="33"></line>
						<line number="5" hits="33"></line>
					</lines>
				</class>
				<class name="-" filename="local/Go-exercise/pkg-cc/package1/file2.go" line-rate="1" branch-rate="0" complexity="0">
					<methods>
						<method name="Buzz" signature="" line-rate="1" branch-rate="0" complexity="0">
							<lines>
								<line number="7" hits="20"></line>
								<line number="8" hits="20"></line>
								<line number="9" hits="20"></line>
							</lines>
						</method>
						<method name="FizzBuzz" signature="" line-rate="1" branch-rate="0" complexity="0">
							<lines>
								<line number="12" hits="6"></line>
								<line number="13" hits="6"></line>
								<line number="14" hits="6"></line>
							</lines>
						</method>
					</methods>
					<lines>
						<line number="7" hits="20"></line>
						<line number="8" hits="20"></line>
						<line number="9" hits="20"></line>
						<line number="12" hits="6"></line>
						<line number="13" hits="6"></line>
						<line number="14" hits="6"></line>
					</lines>
				</class>
			</classes>
		</package>
		<package name="local/Go-exercise/pkg-cc/package2" line-rate="0.68421054" branch-rate="0" complexity="0">
			<classes>
				<class name="-" filename="local/Go-exercise/pkg-cc/package2/file1.go" line-rate="0.68421054" branch-rate="0" complexity="0">
					<methods>
						<method name="FizzBuzz" signature="" line-rate="0.8125" branch-rate="0" complexity="0">
							<lines>
								<line number="9" hits="1"></line>
								<line number="10" hits="1"></line>
								<line number="11" hits="0"></line>
								<line number="12" hits="0"></line>
								<line number="13" hits="0"></line>
								<line number="15" hits="100"></line>
								<line number="16" hits="100"></line>
								<line number="17" hits="100"></line>
								<line number="18" hits="6"></line>
								<line number="19" hits="6"></line>
								<line number="20" hits="27"></line>
								<line number="21" hits="27"></line>
								<line number="22" hits="14"></line>
								<line number="23" hits="14"></line>
								<line number="24" hits="53"></line>
								<line number="25" hits="53"></line>
							</lines>
						</method>
						<method name="Foo" signature="" line-rate="0" branch-rate="0" complexity="0">
							<lines>
								<line number="31" hits="0"></line>
								<line number="32" hits="0"></line>
								<line number="33" hits="0"></line>
							</lines>
						</method>
					</methods>
					<lines>
						<line number="9" hits="1"></line>
						<line number="10" hits="1"></line>
						<line number="11" hits="0"></line>
						<line number="12" hits="0"></line>
						<line number="13" hits="0"></line>
						<line number="15" hits="100"></line>
						<line number="16" hits="100"></line>
						<line number="17" hits="100"></line>
						<line number="18" hits="6"></line>
						<line number="19" hits="6"></line>
						<line number="20" hits="27"></line>
						<line number="21" hits="27"></line>
						<line number="22" hits="14"></line>
						<line number="23" hits="14"></line>
						<line number="24" hits="53"></line>
						<line number="25" hits="53"></line>
						<line number="31" hits="0"></line>
						<line number="32" hits="0"></line>
						<line number="33" hits="0"></line>
					</lines>
				</class>
			</classes>
		</package>
	</packages>
</coverage>
